<?xml version="1.0" encoding="UTF-8"?>
<testng-results skipped="0" failed="0" total="1" passed="1">
  <reporter-output>
  </reporter-output>
  <suite name="testSuite" duration-ms="14" started-at="2023-08-06T11:50:29Z" finished-at="2023-08-06T11:50:29Z">
    <groups>
    </groups>
    <test name="test" duration-ms="14" started-at="2023-08-06T11:50:29Z" finished-at="2023-08-06T11:50:29Z">
      <class name="com.milo.matium.TestNgClasses.OOMDemo_Test">
        <test-method status="PASS" signature="genarteMethod_test()[pri:0, instance:com.milo.matium.TestNgClasses.OOMDemo_Test@2f5a1d56]" name="genarteMethod_test" duration-ms="3" started-at="2023-08-06T19:50:29Z" finished-at="2023-08-06T19:50:29Z">
          <reporter-output>
          </reporter-output>
        </test-method> <!-- genarteMethod_test -->
      </class> <!-- com.milo.matium.TestNgClasses.OOMDemo_Test -->
    </test> <!-- test -->
  </suite> <!-- testSuite -->
</testng-results>
