<?xml version="1.0" encoding="UTF-8"?>
<testng-results skipped="0" failed="0" total="1" passed="1">
  <reporter-output>
  </reporter-output>
  <suite name="testSuite" duration-ms="1" started-at="2023-05-07T08:34:35Z" finished-at="2023-05-07T08:34:35Z">
    <groups>
    </groups>
    <test name="test" duration-ms="1" started-at="2023-05-07T08:34:35Z" finished-at="2023-05-07T08:34:35Z">
      <class name="com.milo.matium.TestNgClasses.OOMDemo_Test">
        <test-method status="PASS" signature="genarteMethod_test()[pri:0, instance:com.milo.matium.TestNgClasses.OOMDemo_Test@6315fa30]" name="genarteMethod_test" duration-ms="0" started-at="2023-05-07T16:34:35Z" finished-at="2023-05-07T16:34:35Z">
          <reporter-output>
          </reporter-output>
        </test-method> <!-- genarteMethod_test -->
      </class> <!-- com.milo.matium.TestNgClasses.OOMDemo_Test -->
    </test> <!-- test -->
  </suite> <!-- testSuite -->
</testng-results>
